#
# A fatal error has been detected by the Java Runtime Environment:
#
#  EXCEPTION_ACCESS_VIOLATION (0xc0000005) at pc=0x0000000067b741ff, pid=736, tid=0x0000000000001054
#
# JRE version: Java(TM) SE Runtime Environment (8.0_201-b09) (build 1.8.0_201-b09)
# Java VM: Java HotSpot(TM) 64-Bit Server VM (25.201-b09 mixed mode windows-amd64 )
# Problematic frame:
# V  [jvm.dll+0x3d41ff]
#
# Failed to write core dump. Minidumps are not enabled by default on client versions of Windows
#
# If you would like to submit a bug report, please visit:
#   http://bugreport.java.com/bugreport/crash.jsp
#

---------------  T H R E A D  ---------------

Current thread (0x0000000002dbc800):  GCTaskThread [stack: 0x00000000266c0000,0x00000000267c0000] [id=4180]

siginfo: ExceptionCode=0xc0000005, ExceptionInformation=0x0000000000000008 0x0000000000004206

Registers:
RAX=0x0000000000012f18, RBX=0x0000000000000006, RCX=0x0000000000000000, RDX=0x0000000035060ce0
RSP=0x00000000267bf7a0, RBP=0x00000000267bf880, RSI=0x000000000000000b, RDI=0x0000000002e8b3a0
R8 =0x0000000000000000, R9 =0x000000006a6e7335, R10=0x0000000000000003, R11=0x00000000267bf810
R12=0x000000000000000b, R13=0x00000000267bf898, R14=0x0000000000000000, R15=0x0000000002dbce40
RIP=0x0000000067b741ff, EFLAGS=0x0000000000010246

Top of Stack: (sp=0x00000000267bf7a0)
0x00000000267bf7a0:   0000000035061540 0000000067ba45e9
0x00000000267bf7b0:   012d831800014cf8 0000000000000004
0x00000000267bf7c0:   0121d91a00012f18 0112106b0000017c
0x00000000267bf7d0:   000000000000000b 0112106b0000017d
0x00000000267bf7e0:   0112106b00000185 0000000067a1ef9f
0x00000000267bf7f0:   0000000002dbce30 0112106b00000184
0x00000000267bf800:   0000000002dbce30 0000000002dadd50
0x00000000267bf810:   0000000002dbce30 0000000002dadd50
0x00000000267bf820:   0000000067dfb9d8 0000000035298af0
0x00000000267bf830:   000000000000000b 0000000067ba7b5d
0x00000000267bf840:   0112106b00000185 0000000035061540
0x00000000267bf850:   0000000000000000 00000001eb3e47c0
0x00000000267bf860:   0000000035298af0 0000000000000000
0x00000000267bf870:   0000000000000000 0000000067b9665e
0x00000000267bf880:   000000006a6e7335 0000000002dbc800
0x00000000267bf890:   0000000000000000 00000001eb3e1dd8 

Instructions: (pc=0x0000000067b741ff)
0x0000000067b741df:   0a 48 89 44 24 20 8b 44 24 20 2b c8 81 e1 ff ff
0x0000000067b741ef:   01 00 81 f9 ff ff 01 00 41 0f 44 ce 85 c9 75 07
0x0000000067b741ff:   32 c0 e9 e3 00 00 00 8b 4c 24 20 48 8b 42 30 48
0x0000000067b7420f:   8b 04 c8 48 8b 5c 24 20 49 89 45 00 8d 43 01 48 


Register to memory mapping:

RAX=0x0000000000012f18 is an unknown value
RBX=0x0000000000000006 is an unknown value
RCX=0x0000000000000000 is an unknown value
RDX=0x0000000035060ce0 is an unknown value
RSP=0x00000000267bf7a0 is an unknown value
RBP=0x00000000267bf880 is an unknown value
RSI=0x000000000000000b is an unknown value
RDI=0x0000000002e8b3a0 is an unknown value
R8 =0x0000000000000000 is an unknown value
R9 =0x000000006a6e7335 is an unknown value
R10=0x0000000000000003 is an unknown value
R11=0x00000000267bf810 is an unknown value
R12=0x000000000000000b is an unknown value
R13=0x00000000267bf898 is an unknown value
R14=0x0000000000000000 is an unknown value
R15=0x0000000002dbce40 is an unknown value


Stack: [0x00000000266c0000,0x00000000267c0000],  sp=0x00000000267bf7a0,  free space=1021k
Native frames: (J=compiled Java code, j=interpreted, Vv=VM code, C=native code)
V  [jvm.dll+0x3d41ff]
V  [jvm.dll+0x407b5d]
V  [jvm.dll+0x3f665e]
V  [jvm.dll+0x29fb6a]
C  [msvcr100.dll+0x21db7]
C  [msvcr100.dll+0x21e53]
C  [KERNEL32.DLL+0x126ad]
C  [ntdll.dll+0x5a9f8]


---------------  P R O C E S S  ---------------

Java Threads: ( => current thread )
  0x0000000037c1b000 JavaThread "pool-9-thread-12" [_thread_blocked, id=13360, stack(0x0000000038e10000,0x0000000038f10000)]
  0x0000000037c1c000 JavaThread "pool-9-thread-11" [_thread_blocked, id=14728, stack(0x0000000038d10000,0x0000000038e10000)]
  0x0000000037c22000 JavaThread "pool-9-thread-10" [_thread_blocked, id=1912, stack(0x0000000038c10000,0x0000000038d10000)]
  0x0000000037c1a800 JavaThread "pool-9-thread-9" [_thread_blocked, id=20780, stack(0x0000000038b10000,0x0000000038c10000)]
  0x0000000037c21000 JavaThread "pool-9-thread-8" [_thread_blocked, id=14324, stack(0x0000000038a10000,0x0000000038b10000)]
  0x0000000037c13000 JavaThread "pool-9-thread-7" [_thread_blocked, id=3096, stack(0x0000000038910000,0x0000000038a10000)]
  0x0000000037c16000 JavaThread "pool-9-thread-6" [_thread_blocked, id=11244, stack(0x0000000038810000,0x0000000038910000)]
  0x0000000037c19800 JavaThread "pool-9-thread-5" [_thread_blocked, id=1812, stack(0x0000000038710000,0x0000000038810000)]
  0x0000000037c16800 JavaThread "pool-9-thread-4" [_thread_blocked, id=4816, stack(0x0000000038610000,0x0000000038710000)]
  0x0000000037c15000 JavaThread "pool-9-thread-3" [_thread_blocked, id=16836, stack(0x0000000038510000,0x0000000038610000)]
  0x0000000037c18000 JavaThread "pool-9-thread-2" [_thread_blocked, id=18804, stack(0x0000000038410000,0x0000000038510000)]
  0x0000000037c17800 JavaThread "pool-9-thread-1" [_thread_blocked, id=9264, stack(0x0000000001200000,0x0000000001300000)]
  0x0000000037c19000 JavaThread "D3D Screen Updater" daemon [_thread_blocked, id=19056, stack(0x0000000043b80000,0x0000000043c80000)]
  0x0000000037c13800 JavaThread "AWT-Windows" daemon [_thread_in_native, id=4340, stack(0x000000003a330000,0x000000003a430000)]
  0x0000000035127000 JavaThread "Java2D Disposer" daemon [_thread_blocked, id=12980, stack(0x000000003a130000,0x000000003a230000)]
  0x000000003517c800 JavaThread "Service Thread" daemon [_thread_blocked, id=976, stack(0x0000000037a10000,0x0000000037b10000)]
  0x000000003512a000 JavaThread "C1 CompilerThread11" daemon [_thread_blocked, id=14172, stack(0x0000000037910000,0x0000000037a10000)]
  0x0000000035128800 JavaThread "C1 CompilerThread10" daemon [_thread_blocked, id=12108, stack(0x0000000037810000,0x0000000037910000)]
  0x000000003512a800 JavaThread "C1 CompilerThread9" daemon [_thread_blocked, id=13328, stack(0x0000000037710000,0x0000000037810000)]
  0x000000003512c000 JavaThread "C1 CompilerThread8" daemon [_thread_blocked, id=17120, stack(0x0000000037610000,0x0000000037710000)]
  0x000000003511b000 JavaThread "C2 CompilerThread7" daemon [_thread_blocked, id=22268, stack(0x0000000037410000,0x0000000037510000)]
  0x00000000350fa000 JavaThread "C2 CompilerThread6" daemon [_thread_blocked, id=11360, stack(0x0000000037310000,0x0000000037410000)]
  0x00000000350e9000 JavaThread "C2 CompilerThread5" daemon [_thread_blocked, id=16172, stack(0x0000000037210000,0x0000000037310000)]
  0x00000000350b0800 JavaThread "C2 CompilerThread4" daemon [_thread_blocked, id=1132, stack(0x0000000037110000,0x0000000037210000)]
  0x00000000350af800 JavaThread "C2 CompilerThread3" daemon [_thread_blocked, id=11424, stack(0x0000000037010000,0x0000000037110000)]
  0x00000000350ac000 JavaThread "C2 CompilerThread2" daemon [_thread_blocked, id=8428, stack(0x0000000036f10000,0x0000000037010000)]
  0x00000000350a7000 JavaThread "C2 CompilerThread1" daemon [_thread_blocked, id=15908, stack(0x0000000036e10000,0x0000000036f10000)]
  0x00000000350a5000 JavaThread "C2 CompilerThread0" daemon [_thread_blocked, id=8768, stack(0x0000000036d10000,0x0000000036e10000)]
  0x00000000350a4000 JavaThread "Attach Listener" daemon [_thread_blocked, id=16316, stack(0x0000000036c10000,0x0000000036d10000)]
  0x00000000350a1000 JavaThread "Signal Dispatcher" daemon [_thread_blocked, id=9432, stack(0x0000000036b10000,0x0000000036c10000)]
  0x0000000033617000 JavaThread "Finalizer" daemon [_thread_blocked, id=1900, stack(0x0000000036900000,0x0000000036a00000)]
  0x0000000035086000 JavaThread "Reference Handler" daemon [_thread_blocked, id=6124, stack(0x0000000036800000,0x0000000036900000)]
  0x0000000002c3e000 JavaThread "main" [_thread_blocked, id=4332, stack(0x0000000002c90000,0x0000000002d90000)]

Other Threads:
  0x0000000035065000 VMThread [stack: 0x0000000036700000,0x0000000036800000] [id=21356]
  0x00000000351a0000 WatcherThread [stack: 0x0000000037b10000,0x0000000037c10000] [id=1356]

=>0x0000000002dbc800 (exited) GCTaskThread [stack: 0x00000000266c0000,0x00000000267c0000] [id=4180]

VM state:at safepoint (normal execution)

VM Mutex/Monitor currently owned by a thread:  ([mutex/lock_event])
[0x0000000002d901d0] Threads_lock - owner thread: 0x0000000035065000
[0x0000000002d90250] Heap_lock - owner thread: 0x0000000037c16000

Heap:
 PSYoungGen      total 30538752K, used 29491776K [0x000000102ab00000, 0x0000001800000000, 0x0000001800000000)
  eden space 28238848K, 100% used [0x000000102ab00000,0x00000016e6400000,0x00000016e6400000)
  from space 2299904K, 54% used [0x0000001773a00000,0x00000017c0190000,0x0000001800000000)
  to   space 2308096K, 12% used [0x00000016e6400000,0x00000016f8648000,0x0000001773200000)
 ParOldGen       total 30131200K, used 5958329K [0x0000000080000000, 0x00000007af100000, 0x000000102ab00000)
  object space 30131200K, 19% used [0x0000000080000000,0x00000001ebab0580,0x00000007af100000)
 Metaspace       used 11729K, capacity 12086K, committed 12288K, reserved 12288K

Card table byte_map: [0x0000000012250000,0x000000001de60000] byte_map_base: 0x0000000011e50000

Marking Bits: (ParMarkBitMap*) 0x0000000067fc4ce0
 Begin Bits: [0x0000001800000000, 0x000000185e000000)
 End Bits:   [0x000000185e000000, 0x00000018bc000000)

Polling page: 0x0000000002c40000

CodeCache: size=245760Kb used=6616Kb max_used=6930Kb free=239143Kb
 bounds [0x0000000002e90000, 0x0000000003560000, 0x0000000011e90000]
 total_blobs=1882 nmethods=1376 adapters=415
 compilation: enabled

Compilation events (10 events):
Event: 8893.591 Thread 0x000000003512a000 1742       3       java.io.File::exists (43 bytes)
Event: 8893.592 Thread 0x000000003512a000 nmethod 1742 0x000000000327fb10 code [0x000000000327fca0, 0x0000000003280128]
Event: 8893.627 Thread 0x000000003512a800 1743       3       java.io.WinNTFileSystem::resolve (231 bytes)
Event: 8893.628 Thread 0x000000003512a800 nmethod 1743 0x0000000003362b10 code [0x0000000003362de0, 0x0000000003364608]
Event: 8893.629 Thread 0x0000000035128800 1744       3       vm.evaluatorsToBeUsed.GroundTruthEvaluator::initKNNResultingMaps (37 bytes)
Event: 8893.629 Thread 0x0000000035128800 nmethod 1744 0x00000000032d9750 code [0x00000000032d9920, 0x00000000032da190]
Event: 9703.775 Thread 0x000000003512c000 1745       3       java.util.zip.GZIPInputStream::readUShort (17 bytes)
Event: 9703.775 Thread 0x000000003512c000 nmethod 1745 0x00000000032db210 code [0x00000000032db380, 0x00000000032db578]
Event: 9725.980 Thread 0x00000000350e9000 1746 % !   4       vm.evaluatorsToBeUsed.GroundTruthEvaluator::processBatch @ 41 (166 bytes)
Event: 9726.000 Thread 0x00000000350e9000 nmethod 1746% 0x000000000320d190 code [0x000000000320d3c0, 0x000000000320e5a0]

GC Heap History (10 events):
Event: 9762.183 GC heap after
Heap after GC invocations=2780 (full 18):
 PSYoungGen      total 30472192K, used 1769155K [0x000000102ab00000, 0x00000017fd980000, 0x0000001800000000)
  eden space 28185088K, 0% used [0x000000102ab00000,0x000000102ab00000,0x00000016e2f80000)
  from space 2287104K, 77% used [0x0000001772000000,0x00000017ddfb0d88,0x00000017fd980000)
  to   space 2315264K, 0% used [0x00000016e2f80000,0x00000016e2f80000,0x0000001770480000)
 ParOldGen       total 30131200K, used 4409069K [0x0000000080000000, 0x00000007af100000, 0x000000102ab00000)
  object space 30131200K, 14% used [0x0000000080000000,0x000000018d1bb7e0,0x00000007af100000)
 Metaspace       used 11729K, capacity 12086K, committed 12288K, reserved 12288K
}
Event: 9764.776 GC heap before
{Heap before GC invocations=2781 (full 18):
 PSYoungGen      total 30472192K, used 29954243K [0x000000102ab00000, 0x00000017fd980000, 0x0000001800000000)
  eden space 28185088K, 100% used [0x000000102ab00000,0x00000016e2f80000,0x00000016e2f80000)
  from space 2287104K, 77% used [0x0000001772000000,0x00000017ddfb0d88,0x00000017fd980000)
  to   space 2315264K, 0% used [0x00000016e2f80000,0x00000016e2f80000,0x0000001770480000)
 ParOldGen       total 30131200K, used 4409069K [0x0000000080000000, 0x00000007af100000, 0x000000102ab00000)
  object space 30131200K, 14% used [0x0000000080000000,0x000000018d1bb7e0,0x00000007af100000)
 Metaspace       used 11729K, capacity 12086K, committed 12288K, reserved 12288K
Event: 9765.101 GC heap after
Heap after GC invocations=2781 (full 18):
 PSYoungGen      total 30500352K, used 1783267K [0x000000102ab00000, 0x0000001800000000, 0x0000001800000000)
  eden space 28185088K, 0% used [0x000000102ab00000,0x000000102ab00000,0x00000016e2f80000)
  from space 2315264K, 77% used [0x00000016e2f80000,0x000000174fcf8d88,0x0000001770480000)
  to   space 2306048K, 0% used [0x0000001773400000,0x0000001773400000,0x0000001800000000)
 ParOldGen       total 30131200K, used 4409069K [0x0000000080000000, 0x00000007af100000, 0x000000102ab00000)
  object space 30131200K, 14% used [0x0000000080000000,0x000000018d1bb7e0,0x00000007af100000)
 Metaspace       used 11729K, capacity 12086K, committed 12288K, reserved 12288K
}
Event: 9767.694 GC heap before
{Heap before GC invocations=2782 (full 18):
 PSYoungGen      total 30500352K, used 29968355K [0x000000102ab00000, 0x0000001800000000, 0x0000001800000000)
  eden space 28185088K, 100% used [0x000000102ab00000,0x00000016e2f80000,0x00000016e2f80000)
  from space 2315264K, 77% used [0x00000016e2f80000,0x000000174fcf8d88,0x0000001770480000)
  to   space 2306048K, 0% used [0x0000001773400000,0x0000001773400000,0x0000001800000000)
 ParOldGen       total 30131200K, used 4409069K [0x0000000080000000, 0x00000007af100000, 0x000000102ab00000)
  object space 30131200K, 14% used [0x0000000080000000,0x000000018d1bb7e0,0x00000007af100000)
 Metaspace       used 11729K, capacity 12086K, committed 12288K, reserved 12288K
Event: 9768.021 GC heap after
Heap after GC invocations=2782 (full 18):
 PSYoungGen      total 30524416K, used 1810147K [0x000000102ab00000, 0x00000017ff100000, 0x0000001800000000)
  eden space 28233728K, 0% used [0x000000102ab00000,0x000000102ab00000,0x00000016e5f00000)
  from space 2290688K, 79% used [0x0000001773400000,0x00000017e1bb8d88,0x00000017ff100000)
  to   space 2302976K, 0% used [0x00000016e5f00000,0x00000016e5f00000,0x0000001772800000)
 ParOldGen       total 30131200K, used 4409069K [0x0000000080000000, 0x00000007af100000, 0x000000102ab00000)
  object space 30131200K, 14% used [0x0000000080000000,0x000000018d1bb7e0,0x00000007af100000)
 Metaspace       used 11729K, capacity 12086K, committed 12288K, reserved 12288K
}
Event: 9770.841 GC heap before
{Heap before GC invocations=2783 (full 18):
 PSYoungGen      total 30524416K, used 30043875K [0x000000102ab00000, 0x00000017ff100000, 0x0000001800000000)
  eden space 28233728K, 100% used [0x000000102ab00000,0x00000016e5f00000,0x00000016e5f00000)
  from space 2290688K, 79% used [0x0000001773400000,0x00000017e1bb8d88,0x00000017ff100000)
  to   space 2302976K, 0% used [0x00000016e5f00000,0x00000016e5f00000,0x0000001772800000)
 ParOldGen       total 30131200K, used 4409069K [0x0000000080000000, 0x00000007af100000, 0x000000102ab00000)
  object space 30131200K, 14% used [0x0000000080000000,0x000000018d1bb7e0,0x00000007af100000)
 Metaspace       used 11729K, capacity 12086K, committed 12288K, reserved 12288K
Event: 9771.167 GC heap after
Heap after GC invocations=2783 (full 18):
 PSYoungGen      total 30536704K, used 1820843K [0x000000102ab00000, 0x0000001800000000, 0x0000001800000000)
  eden space 28233728K, 0% used [0x000000102ab00000,0x000000102ab00000,0x00000016e5f00000)
  from space 2302976K, 79% used [0x00000016e5f00000,0x000000175512af30,0x0000001772800000)
  to   space 2299904K, 0% used [0x0000001773a00000,0x0000001773a00000,0x0000001800000000)
 ParOldGen       total 30131200K, used 4412613K [0x0000000080000000, 0x00000007af100000, 0x000000102ab00000)
  object space 30131200K, 14% used [0x0000000080000000,0x000000018d531650,0x00000007af100000)
 Metaspace       used 11729K, capacity 12086K, committed 12288K, reserved 12288K
}
Event: 9774.318 GC heap before
{Heap before GC invocations=2784 (full 18):
 PSYoungGen      total 30536704K, used 30054571K [0x000000102ab00000, 0x0000001800000000, 0x0000001800000000)
  eden space 28233728K, 100% used [0x000000102ab00000,0x00000016e5f00000,0x00000016e5f00000)
  from space 2302976K, 79% used [0x00000016e5f00000,0x000000175512af30,0x0000001772800000)
  to   space 2299904K, 0% used [0x0000001773a00000,0x0000001773a00000,0x0000001800000000)
 ParOldGen       total 30131200K, used 4412613K [0x0000000080000000, 0x00000007af100000, 0x000000102ab00000)
  object space 30131200K, 14% used [0x0000000080000000,0x000000018d531650,0x00000007af100000)
 Metaspace       used 11729K, capacity 12086K, committed 12288K, reserved 12288K
Event: 9774.690 GC heap after
Heap after GC invocations=2784 (full 18):
 PSYoungGen      total 30538752K, used 1252928K [0x000000102ab00000, 0x0000001800000000, 0x0000001800000000)
  eden space 28238848K, 0% used [0x000000102ab00000,0x000000102ab00000,0x00000016e6400000)
  from space 2299904K, 54% used [0x0000001773a00000,0x00000017c0190000,0x0000001800000000)
  to   space 2308096K, 0% used [0x00000016e6400000,0x00000016e6400000,0x0000001773200000)
 ParOldGen       total 30131200K, used 5009281K [0x0000000080000000, 0x00000007af100000, 0x000000102ab00000)
  object space 30131200K, 16% used [0x0000000080000000,0x00000001b1be0580,0x00000007af100000)
 Metaspace       used 11729K, capacity 12086K, committed 12288K, reserved 12288K
}
Event: 9778.010 GC heap before
{Heap before GC invocations=2785 (full 18):
 PSYoungGen      total 30538752K, used 29491776K [0x000000102ab00000, 0x0000001800000000, 0x0000001800000000)
  eden space 28238848K, 100% used [0x000000102ab00000,0x00000016e6400000,0x00000016e6400000)
  from space 2299904K, 54% used [0x0000001773a00000,0x00000017c0190000,0x0000001800000000)
  to   space 2308096K, 0% used [0x00000016e6400000,0x00000016e6400000,0x0000001773200000)
 ParOldGen       total 30131200K, used 5009281K [0x0000000080000000, 0x00000007af100000, 0x000000102ab00000)
  object space 30131200K, 16% used [0x0000000080000000,0x00000001b1be0580,0x00000007af100000)
 Metaspace       used 11729K, capacity 12086K, committed 12288K, reserved 12288K

Deoptimization events (10 events):
Event: 6174.716 Thread 0x0000000037c18000 Uncommon trap: reason=unstable_if action=reinterpret pc=0x0000000003440770 method=java.util.concurrent.locks.AbstractQueuedSynchronizer$ConditionObject.signal()V @ 24
Event: 6174.716 Thread 0x0000000037c19800 Uncommon trap: reason=unstable_if action=reinterpret pc=0x0000000003440770 method=java.util.concurrent.locks.AbstractQueuedSynchronizer$ConditionObject.signal()V @ 24
Event: 6174.716 Thread 0x0000000037c1c000 Uncommon trap: reason=unstable_if action=reinterpret pc=0x0000000003440770 method=java.util.concurrent.locks.AbstractQueuedSynchronizer$ConditionObject.signal()V @ 24
Event: 6174.717 Thread 0x0000000037c1a800 Uncommon trap: reason=unstable_if action=reinterpret pc=0x0000000003440770 method=java.util.concurrent.locks.AbstractQueuedSynchronizer$ConditionObject.signal()V @ 24
Event: 6174.717 Thread 0x0000000037c13000 Uncommon trap: reason=unstable_if action=reinterpret pc=0x0000000003440770 method=java.util.concurrent.locks.AbstractQueuedSynchronizer$ConditionObject.signal()V @ 24
Event: 6174.717 Thread 0x0000000037c16000 Uncommon trap: reason=unstable_if action=reinterpret pc=0x0000000003440770 method=java.util.concurrent.locks.AbstractQueuedSynchronizer$ConditionObject.signal()V @ 24
Event: 6174.717 Thread 0x0000000037c15000 Uncommon trap: reason=unstable_if action=reinterpret pc=0x0000000003440770 method=java.util.concurrent.locks.AbstractQueuedSynchronizer$ConditionObject.signal()V @ 24
Event: 6174.717 Thread 0x0000000037c17800 Uncommon trap: reason=unstable_if action=reinterpret pc=0x0000000003440770 method=java.util.concurrent.locks.AbstractQueuedSynchronizer$ConditionObject.signal()V @ 24
Event: 6174.717 Thread 0x0000000037c1c800 Uncommon trap: reason=unstable_if action=reinterpret pc=0x0000000003440770 method=java.util.concurrent.locks.AbstractQueuedSynchronizer$ConditionObject.signal()V @ 24
Event: 6174.717 Thread 0x0000000037c16800 Uncommon trap: reason=unstable_if action=reinterpret pc=0x0000000003440770 method=java.util.concurrent.locks.AbstractQueuedSynchronizer$ConditionObject.signal()V @ 24

Classes redefined (0 events):
No events

Internal exceptions (10 events):
Event: 0.153 Thread 0x0000000002c3e000 Exception <a 'java/security/PrivilegedActionException'> (0x000000102ab32f08) thrown at [C:\re\workspace\8-2-build-windows-amd64-cygwin\jdk8u201\12322\hotspot\src\share\vm\prims\jvm.cpp, line 1502]
Event: 0.153 Thread 0x0000000002c3e000 Exception <a 'java/security/PrivilegedActionException'> (0x000000102ab331e8) thrown at [C:\re\workspace\8-2-build-windows-amd64-cygwin\jdk8u201\12322\hotspot\src\share\vm\prims\jvm.cpp, line 1502]
Event: 30.217 Thread 0x0000000037d2d800 Implicit null exception at 0x000000000342a0a8 to 0x000000000342a6e9
Event: 46.424 Thread 0x0000000002c3e000 Implicit null exception at 0x000000000343e8de to 0x00000000034464d9
Event: 46.434 Thread 0x0000000002c3e000 Exception <a 'java/io/FileNotFoundException'> (0x000000118763f260) thrown at [C:\re\workspace\8-2-build-windows-amd64-cygwin\jdk8u201\12322\hotspot\src\share\vm\prims\jni.cpp, line 709]
Event: 46.451 Thread 0x0000000002c3e000 Exception <a 'java/lang/NoSuchFieldError': method resolution failed> (0x0000001187753b68) thrown at [C:\re\workspace\8-2-build-windows-amd64-cygwin\jdk8u201\12322\hotspot\src\share\vm\prims\methodHandles.cpp, line 1167]
Event: 46.452 Thread 0x0000000002c3e000 Exception <a 'java/lang/NoSuchFieldError': method resolution failed> (0x0000001187765368) thrown at [C:\re\workspace\8-2-build-windows-amd64-cygwin\jdk8u201\12322\hotspot\src\share\vm\prims\methodHandles.cpp, line 1167]
Event: 46.492 Thread 0x0000000002c3e000 Exception <a 'java/io/FileNotFoundException'> (0x00000011878b2a98) thrown at [C:\re\workspace\8-2-build-windows-amd64-cygwin\jdk8u201\12322\hotspot\src\share\vm\prims\jni.cpp, line 709]
Event: 46.639 Thread 0x0000000002c3e000 Implicit null exception at 0x000000000336fd89 to 0x0000000003370139
Event: 46.639 Thread 0x0000000002c3e000 Implicit null exception at 0x0000000003310b86 to 0x0000000003310f41

Events (10 events):
Event: 9762.183 Executing VM operation: ParallelGCFailedAllocation done
Event: 9764.776 Executing VM operation: ParallelGCFailedAllocation
Event: 9765.101 Executing VM operation: ParallelGCFailedAllocation done
Event: 9767.694 Executing VM operation: ParallelGCFailedAllocation
Event: 9768.021 Executing VM operation: ParallelGCFailedAllocation done
Event: 9770.841 Executing VM operation: ParallelGCFailedAllocation
Event: 9771.167 Executing VM operation: ParallelGCFailedAllocation done
Event: 9774.318 Executing VM operation: ParallelGCFailedAllocation
Event: 9774.690 Executing VM operation: ParallelGCFailedAllocation done
Event: 9778.010 Executing VM operation: ParallelGCFailedAllocation


Dynamic libraries:
0x00007ff6e3da0000 - 0x00007ff6e3dd7000 	C:\Program Files\Java\jdk1.8.0_201\bin\java.exe
0x00007ffeebed0000 - 0x00007ffeec0e4000 	C:\WINDOWS\SYSTEM32\ntdll.dll
0x00007ffeeb720000 - 0x00007ffeeb7e2000 	C:\WINDOWS\System32\KERNEL32.DLL
0x00007ffee9360000 - 0x00007ffee9703000 	C:\WINDOWS\System32\KERNELBASE.dll
0x00007ffeeb8a0000 - 0x00007ffeeb94e000 	C:\WINDOWS\System32\ADVAPI32.dll
0x00007ffeea7a0000 - 0x00007ffeea847000 	C:\WINDOWS\System32\msvcrt.dll
0x00007ffeeb7f0000 - 0x00007ffeeb894000 	C:\WINDOWS\System32\sechost.dll
0x00007ffee9e80000 - 0x00007ffee9f97000 	C:\WINDOWS\System32\RPCRT4.dll
0x00007ffeeba30000 - 0x00007ffeebbdb000 	C:\WINDOWS\System32\USER32.dll
0x00007ffee9b80000 - 0x00007ffee9ba6000 	C:\WINDOWS\System32\win32u.dll
0x00007ffee9e50000 - 0x00007ffee9e79000 	C:\WINDOWS\System32\GDI32.dll
0x00007ffee9bb0000 - 0x00007ffee9cc8000 	C:\WINDOWS\System32\gdi32full.dll
0x00007ffee9a60000 - 0x00007ffee9afa000 	C:\WINDOWS\System32\msvcp_win.dll
0x00007ffee9710000 - 0x00007ffee9821000 	C:\WINDOWS\System32\ucrtbase.dll
0x00007ffebac70000 - 0x00007ffebaefe000 	C:\WINDOWS\WinSxS\amd64_microsoft.windows.common-controls_6595b64144ccf1df_6.0.22621.1635_none_270f70857386168e\COMCTL32.dll
0x00007ffeeb970000 - 0x00007ffeeb9a1000 	C:\WINDOWS\System32\IMM32.DLL
0x00000000676c0000 - 0x0000000067791000 	C:\Program Files\Java\jdk1.8.0_201\jre\bin\msvcr100.dll
0x00000000677a0000 - 0x0000000068044000 	C:\Program Files\Java\jdk1.8.0_201\jre\bin\server\jvm.dll
0x00007ffeeaf10000 - 0x00007ffeeaf18000 	C:\WINDOWS\System32\PSAPI.DLL
0x00007ffee0d50000 - 0x00007ffee0d59000 	C:\WINDOWS\SYSTEM32\WSOCK32.dll
0x00007ffee1700000 - 0x00007ffee1734000 	C:\WINDOWS\SYSTEM32\WINMM.dll
0x00007ffeeb9b0000 - 0x00007ffeeba21000 	C:\WINDOWS\System32\WS2_32.dll
0x00007ffee1ca0000 - 0x00007ffee1caa000 	C:\WINDOWS\SYSTEM32\VERSION.dll
0x00007ffee62f0000 - 0x00007ffee62ff000 	C:\Program Files\Java\jdk1.8.0_201\jre\bin\verify.dll
0x00007ffec7780000 - 0x00007ffec77a9000 	C:\Program Files\Java\jdk1.8.0_201\jre\bin\java.dll
0x00007ffec7760000 - 0x00007ffec7776000 	C:\Program Files\Java\jdk1.8.0_201\jre\bin\zip.dll
0x00007ffee9fa0000 - 0x00007ffeea79a000 	C:\WINDOWS\System32\SHELL32.dll
0x00007ffee72c0000 - 0x00007ffee7b8e000 	C:\WINDOWS\SYSTEM32\windows.storage.dll
0x00007ffeeb330000 - 0x00007ffeeb6b9000 	C:\WINDOWS\System32\combase.dll
0x00007ffee7180000 - 0x00007ffee72be000 	C:\WINDOWS\SYSTEM32\wintypes.dll
0x00007ffeeb1c0000 - 0x00007ffeeb2b1000 	C:\WINDOWS\System32\SHCORE.dll
0x00007ffeeb2d0000 - 0x00007ffeeb32e000 	C:\WINDOWS\System32\shlwapi.dll
0x00007ffee9220000 - 0x00007ffee9241000 	C:\WINDOWS\SYSTEM32\profapi.dll
0x00007ffebd250000 - 0x00007ffebd3e9000 	C:\Program Files\Java\jdk1.8.0_201\jre\bin\awt.dll
0x00007ffeeb0e0000 - 0x00007ffeeb1b7000 	C:\WINDOWS\System32\OLEAUT32.dll
0x00007ffee63e0000 - 0x00007ffee6477000 	C:\WINDOWS\SYSTEM32\apphelp.dll
0x00007ffee64c0000 - 0x00007ffee656b000 	C:\WINDOWS\system32\uxtheme.dll
0x00007ffeebd70000 - 0x00007ffeebe8e000 	C:\WINDOWS\System32\MSCTF.dll
0x00007ffeeace0000 - 0x00007ffeeae7c000 	C:\WINDOWS\System32\ole32.dll
0x00007ffee8340000 - 0x00007ffee8358000 	C:\WINDOWS\SYSTEM32\kernel.appcore.dll
0x00007ffee9b00000 - 0x00007ffee9b7b000 	C:\WINDOWS\System32\bcryptPrimitives.dll
0x00007ffee67e0000 - 0x00007ffee680b000 	C:\WINDOWS\system32\DWMAPI.DLL
0x00007ffebf7e0000 - 0x00007ffebf827000 	C:\Program Files\Java\jdk1.8.0_201\jre\bin\fontmanager.dll
0x00007ffec5220000 - 0x00007ffec5320000 	C:\WINDOWS\system32\opengl32.dll
0x00007ffec51e0000 - 0x00007ffec520d000 	C:\WINDOWS\SYSTEM32\GLU32.dll
0x00007ffee65a0000 - 0x00007ffee65d6000 	C:\WINDOWS\SYSTEM32\dxcore.dll
0x00007ffeaafe0000 - 0x00007ffeab189000 	C:\WINDOWS\system32\d3d9.dll
0x00007ffedf130000 - 0x00007ffedf1ed000 	C:\WINDOWS\System32\DriverStore\FileRepository\nvmdi.inf_amd64_1bf648cb746f97ee\nvldumdx.dll
0x00007ffee8ea0000 - 0x00007ffee8eb2000 	C:\WINDOWS\SYSTEM32\msasn1.dll
0x00007ffedf070000 - 0x00007ffedf0a2000 	C:\WINDOWS\SYSTEM32\cryptnet.dll
0x00007ffee9830000 - 0x00007ffee9997000 	C:\WINDOWS\System32\CRYPT32.dll
0x00007ffedef00000 - 0x00007ffedf061000 	C:\WINDOWS\SYSTEM32\drvstore.dll
0x00007ffee8ec0000 - 0x00007ffee8eec000 	C:\WINDOWS\SYSTEM32\devobj.dll
0x00007ffee8ef0000 - 0x00007ffee8f3e000 	C:\WINDOWS\SYSTEM32\cfgmgr32.dll
0x00007ffee8ac0000 - 0x00007ffee8b08000 	C:\WINDOWS\SYSTEM32\wldp.dll
0x00007ffee8a30000 - 0x00007ffee8a3c000 	C:\WINDOWS\SYSTEM32\cryptbase.dll
0x00007ffee92f0000 - 0x00007ffee935b000 	C:\WINDOWS\System32\WINTRUST.DLL
0x00007ffeeaee0000 - 0x00007ffeeaeff000 	C:\WINDOWS\System32\imagehlp.dll
0x00007ffee8a10000 - 0x00007ffee8a2b000 	C:\WINDOWS\SYSTEM32\CRYPTSP.dll
0x00007ffee82b0000 - 0x00007ffee82e5000 	C:\WINDOWS\system32\rsaenh.dll
0x00007ffee8bb0000 - 0x00007ffee8bd8000 	C:\WINDOWS\SYSTEM32\bcrypt.dll
0x00007ffe64c70000 - 0x00007ffe67b66000 	C:\WINDOWS\System32\DriverStore\FileRepository\nvmdi.inf_amd64_1bf648cb746f97ee\nvd3dumx.dll
0x00007ffee40b0000 - 0x00007ffee40f8000 	C:\WINDOWS\SYSTEM32\directxdatabasehelper.dll
0x00007ffec7420000 - 0x00007ffec76f1000 	C:\WINDOWS\system32\nvspcap64.dll
0x00007ffee8360000 - 0x00007ffee8394000 	C:\WINDOWS\SYSTEM32\ntmarta.dll
0x00007ffee8840000 - 0x00007ffee8866000 	C:\WINDOWS\SYSTEM32\gpapi.dll
0x00007ffec7740000 - 0x00007ffec775a000 	C:\Program Files\Java\jdk1.8.0_201\jre\bin\net.dll
0x00007ffee0340000 - 0x00007ffee052f000 	C:\WINDOWS\SYSTEM32\urlmon.dll
0x00007ffedfec0000 - 0x00007ffee0171000 	C:\WINDOWS\SYSTEM32\iertutil.dll
0x00007ffee0210000 - 0x00007ffee0238000 	C:\WINDOWS\SYSTEM32\srvcli.dll
0x00007ffee7db0000 - 0x00007ffee7dbc000 	C:\WINDOWS\SYSTEM32\netutils.dll
0x00007ffee87b0000 - 0x00007ffee8819000 	C:\WINDOWS\system32\mswsock.dll
0x00007ffec73e0000 - 0x00007ffec73f1000 	C:\Program Files\Java\jdk1.8.0_201\jre\bin\nio.dll
0x00007ffebcb60000 - 0x00007ffebcba2000 	C:\Program Files\Java\jdk1.8.0_201\jre\bin\t2k.dll
0x00007ffec1790000 - 0x00007ffec18bd000 	C:\WINDOWS\SYSTEM32\textinputframework.dll
0x00007ffee5ff0000 - 0x00007ffee6123000 	C:\WINDOWS\SYSTEM32\CoreMessaging.dll
0x00007ffee38b0000 - 0x00007ffee3c1c000 	C:\WINDOWS\SYSTEM32\CoreUIComponents.dll
0x00007ffedb140000 - 0x00007ffedb36e000 	C:\WINDOWS\SYSTEM32\dbghelp.dll

VM Arguments:
jvm_args: -Xmx94g 
java_command: vm.fs.main.groundTruth.FSEvaluateGroundTruthMain
java_class_path (initial): C:\Users\Vlada\Documents\NetBeansProjects\VMFSMetricSpace\target\classes;C:\Users\Vlada\Documents\NetBeansProjects\VMGenericTools\target\classes;C:\Users\Vlada\.m2\repository\org\apache\commons\commons-math3\3.1.1\commons-math3-3.1.1.jar;C:\Users\Vlada\Documents\NetBeansProjects\VMMetricSpaceTechniquesImpl\target\classes;C:\Users\Vlada\.m2\repository\io\jhdf\jhdf\0.6.10\jhdf-0.6.10.jar;C:\Users\Vlada\.m2\repository\org\slf4j\slf4j-api\1.7.36\slf4j-api-1.7.36.jar;C:\Users\Vlada\.m2\repository\org\apache\commons\commons-lang3\3.12.0\commons-lang3-3.12.0.jar;C:\Users\Vlada\.m2\repository\com\ning\compress-lzf\1.1.2\compress-lzf-1.1.2.jar;C:\Users\Vlada\.m2\repository\org\lz4\lz4-java\1.8.0\lz4-java-1.8.0.jar
Launcher Type: SUN_STANDARD

Environment Variables:
JAVA_HOME=C:\Program Files\Java\jdk1.8.0_201
PATH=C:\Program Files (x86)\Common Files\Oracle\Java\javapath;C:\Windows\system32;C:\Windows;C:\Windows\System32\Wbem;C:\Windows\System32\WindowsPowerShell\v1.0\;C:\Windows\System32\OpenSSH\;C:\Program Files (x86)\Intel\Intel(R) Management Engine Components\DAL;C:\Program Files\Intel\Intel(R) Management Engine Components\DAL;C:\Program Files (x86)\NVIDIA Corporation\PhysX\Common;C:\Program Files\NVIDIA Corporation\NVIDIA NvDLISR;C:\Program Files (x86)\Windows Live\Shared;C:\Program Files (x86)\AOMEI Backupper;C:\WINDOWS\system32;C:\WINDOWS;C:\WINDOWS\System32\Wbem;C:\WINDOWS\System32\WindowsPowerShell\v1.0\;C:\WINDOWS\System32\OpenSSH\;C:\Program Files\MiKTeX 2.9\miktex\bin\x64\;C:\Program Files\PuTTY\;C:\Program Files\dotnet\;C:\Program Files\Microsoft SQL Server\130\Tools\Binn\;C:\Program Files\Microsoft SQL Server\Client SDK\ODBC\170\Tools\Binn\;C:\Program Files (x86)\dotnet\;C:\WINDOWS\system32;C:\WINDOWS;C:\WINDOWS\System32\Wbem;C:\WINDOWS\System32\WindowsPowerShell\v1.0\;C:\WINDOWS\System32\OpenSSH;C:\Program Files\MySQL\MySQL Shell 8.0\bin\;C:\Users\Vlada\AppData\Local\Microsoft\WindowsApps;C:\Users\Vlada\AppData\Local\GitHubDesktop\bin;C:\Users\Vlada\.dotnet\tools;C:\PHP;
USERNAME=Vlada
OS=Windows_NT
PROCESSOR_IDENTIFIER=Intel64 Family 6 Model 158 Stepping 12, GenuineIntel



---------------  S Y S T E M  ---------------

OS: Windows 10.0 , 64 bit Build 22621 (10.0.22621.1635)

CPU:total 16 (initial active 16) (8 cores per cpu, 2 threads per core) family 6 model 158 stepping 12, cmov, cx8, fxsr, mmx, sse, sse2, sse3, ssse3, sse4.1, sse4.2, popcnt, avx, avx2, aes, clmul, erms, rtm, 3dnowpref, lzcnt, ht, tsc, tscinvbit, bmi1, bmi2, adx

Memory: 4k page, physical 100594868k(30601224k free), swap 142537908k(40840236k free)

vm_info: Java HotSpot(TM) 64-Bit Server VM (25.201-b09) for windows-amd64 JRE (1.8.0_201-b09), built on Dec 15 2018 18:36:39 by "java_re" with MS VC++ 10.0 (VS2010)

time: Mon May 29 19:00:47 2023
timezone: Støední Evropa (letní èas)
elapsed time: 9779 seconds (0d 2h 42m 59s)

